{"D:\\byp\\tauri\\baize\\packages\\plugin-sdk\\src\\api.ts": {"path":"D:\\byp\\tauri\\baize\\packages\\plugin-sdk\\src\\api.ts","all":true,"statementMap":{},"s":{},"branchMap":{"0":{"type":"branch","line":1,"loc":{"start":{"line":1,"column":2209},"end":{"line":93,"column":1}},"locations":[{"start":{"line":1,"column":2209},"end":{"line":93,"column":1}}]}},"b":{"0":[1]},"fnMap":{"0":{"name":"(empty-report)","decl":{"start":{"line":1,"column":2209},"end":{"line":93,"column":1}},"loc":{"start":{"line":1,"column":2209},"end":{"line":93,"column":1}},"line":1}},"f":{"0":1}}
,"D:\\byp\\tauri\\baize\\packages\\plugin-sdk\\src\\events.test.ts": {"path":"D:\\byp\\tauri\\baize\\packages\\plugin-sdk\\src\\events.test.ts","all":false,"statementMap":{"0":{"start":{"line":1,"column":0},"end":{"line":1,"column":3}},"4":{"start":{"line":5,"column":0},"end":{"line":5,"column":62}},"5":{"start":{"line":6,"column":0},"end":{"line":6,"column":94}},"8":{"start":{"line":9,"column":0},"end":{"line":9,"column":32}},"9":{"start":{"line":10,"column":0},"end":{"line":10,"column":33}},"11":{"start":{"line":12,"column":0},"end":{"line":12,"column":20}},"12":{"start":{"line":13,"column":0},"end":{"line":13,"column":38}},"13":{"start":{"line":14,"column":0},"end":{"line":14,"column":5}},"15":{"start":{"line":16,"column":0},"end":{"line":16,"column":50}},"16":{"start":{"line":17,"column":0},"end":{"line":17,"column":61}},"17":{"start":{"line":18,"column":0},"end":{"line":18,"column":30}},"18":{"start":{"line":19,"column":0},"end":{"line":19,"column":43}},"20":{"start":{"line":21,"column":0},"end":{"line":21,"column":45}},"21":{"start":{"line":22,"column":0},"end":{"line":22,"column":48}},"23":{"start":{"line":24,"column":0},"end":{"line":24,"column":45}},"24":{"start":{"line":25,"column":0},"end":{"line":25,"column":78}},"25":{"start":{"line":26,"column":0},"end":{"line":26,"column":7}},"27":{"start":{"line":28,"column":0},"end":{"line":28,"column":70}},"28":{"start":{"line":29,"column":0},"end":{"line":29,"column":31}},"29":{"start":{"line":30,"column":0},"end":{"line":30,"column":31}},"30":{"start":{"line":31,"column":0},"end":{"line":31,"column":43}},"32":{"start":{"line":33,"column":0},"end":{"line":33,"column":46}},"33":{"start":{"line":34,"column":0},"end":{"line":34,"column":46}},"34":{"start":{"line":35,"column":0},"end":{"line":35,"column":48}},"36":{"start":{"line":37,"column":0},"end":{"line":37,"column":46}},"37":{"start":{"line":38,"column":0},"end":{"line":38,"column":46}},"38":{"start":{"line":39,"column":0},"end":{"line":39,"column":7}},"40":{"start":{"line":41,"column":0},"end":{"line":41,"column":56}},"41":{"start":{"line":42,"column":0},"end":{"line":42,"column":31}},"42":{"start":{"line":43,"column":0},"end":{"line":43,"column":31}},"44":{"start":{"line":45,"column":0},"end":{"line":45,"column":46}},"45":{"start":{"line":46,"column":0},"end":{"line":46,"column":46}},"46":{"start":{"line":47,"column":0},"end":{"line":47,"column":47}},"47":{"start":{"line":48,"column":0},"end":{"line":48,"column":59}},"49":{"start":{"line":50,"column":0},"end":{"line":50,"column":46}},"50":{"start":{"line":51,"column":0},"end":{"line":51,"column":46}},"51":{"start":{"line":52,"column":0},"end":{"line":52,"column":7}},"53":{"start":{"line":54,"column":0},"end":{"line":54,"column":74}},"54":{"start":{"line":55,"column":0},"end":{"line":55,"column":30}},"57":{"start":{"line":58,"column":0},"end":{"line":58,"column":20}},"58":{"start":{"line":59,"column":0},"end":{"line":59,"column":56}},"59":{"start":{"line":60,"column":0},"end":{"line":60,"column":23}},"61":{"start":{"line":62,"column":0},"end":{"line":62,"column":45}},"62":{"start":{"line":63,"column":0},"end":{"line":63,"column":67}},"63":{"start":{"line":64,"column":0},"end":{"line":64,"column":59}},"65":{"start":{"line":66,"column":0},"end":{"line":66,"column":45}},"66":{"start":{"line":67,"column":0},"end":{"line":67,"column":7}},"68":{"start":{"line":69,"column":0},"end":{"line":69,"column":67}},"69":{"start":{"line":70,"column":0},"end":{"line":70,"column":31}},"70":{"start":{"line":71,"column":0},"end":{"line":71,"column":31}},"72":{"start":{"line":73,"column":0},"end":{"line":73,"column":42}},"73":{"start":{"line":74,"column":0},"end":{"line":74,"column":42}},"74":{"start":{"line":75,"column":0},"end":{"line":75,"column":55}},"76":{"start":{"line":77,"column":0},"end":{"line":77,"column":46}},"77":{"start":{"line":78,"column":0},"end":{"line":78,"column":46}},"78":{"start":{"line":79,"column":0},"end":{"line":79,"column":7}},"79":{"start":{"line":80,"column":0},"end":{"line":80,"column":5}},"81":{"start":{"line":82,"column":0},"end":{"line":82,"column":53}},"82":{"start":{"line":83,"column":0},"end":{"line":83,"column":58}},"83":{"start":{"line":84,"column":0},"end":{"line":84,"column":30}},"84":{"start":{"line":85,"column":0},"end":{"line":85,"column":49}},"85":{"start":{"line":86,"column":0},"end":{"line":86,"column":19}},"86":{"start":{"line":87,"column":0},"end":{"line":87,"column":20}},"87":{"start":{"line":88,"column":0},"end":{"line":88,"column":8}},"89":{"start":{"line":90,"column":0},"end":{"line":90,"column":82}},"91":{"start":{"line":92,"column":0},"end":{"line":92,"column":65}},"92":{"start":{"line":93,"column":0},"end":{"line":93,"column":48}},"93":{"start":{"line":94,"column":0},"end":{"line":94,"column":57}},"94":{"start":{"line":95,"column":0},"end":{"line":95,"column":63}},"95":{"start":{"line":96,"column":0},"end":{"line":96,"column":7}},"97":{"start":{"line":98,"column":0},"end":{"line":98,"column":53}},"98":{"start":{"line":99,"column":0},"end":{"line":99,"column":30}},"100":{"start":{"line":101,"column":0},"end":{"line":101,"column":68}},"101":{"start":{"line":102,"column":0},"end":{"line":102,"column":60}},"102":{"start":{"line":103,"column":0},"end":{"line":103,"column":61}},"104":{"start":{"line":105,"column":0},"end":{"line":105,"column":45}},"105":{"start":{"line":106,"column":0},"end":{"line":106,"column":90}},"106":{"start":{"line":107,"column":0},"end":{"line":107,"column":7}},"108":{"start":{"line":109,"column":0},"end":{"line":109,"column":50}},"109":{"start":{"line":110,"column":0},"end":{"line":110,"column":37}},"110":{"start":{"line":111,"column":0},"end":{"line":111,"column":54}},"111":{"start":{"line":112,"column":0},"end":{"line":112,"column":54}},"112":{"start":{"line":113,"column":0},"end":{"line":113,"column":54}},"114":{"start":{"line":115,"column":0},"end":{"line":115,"column":70}},"115":{"start":{"line":116,"column":0},"end":{"line":116,"column":71}},"116":{"start":{"line":117,"column":0},"end":{"line":117,"column":70}},"118":{"start":{"line":119,"column":0},"end":{"line":119,"column":38}},"120":{"start":{"line":121,"column":0},"end":{"line":121,"column":71}},"121":{"start":{"line":122,"column":0},"end":{"line":122,"column":7}},"123":{"start":{"line":124,"column":0},"end":{"line":124,"column":46}},"124":{"start":{"line":125,"column":0},"end":{"line":125,"column":30}},"125":{"start":{"line":126,"column":0},"end":{"line":126,"column":63}},"127":{"start":{"line":128,"column":0},"end":{"line":128,"column":64}},"129":{"start":{"line":130,"column":0},"end":{"line":130,"column":63}},"130":{"start":{"line":131,"column":0},"end":{"line":131,"column":45}},"132":{"start":{"line":133,"column":0},"end":{"line":133,"column":62}},"133":{"start":{"line":134,"column":0},"end":{"line":134,"column":45}},"134":{"start":{"line":135,"column":0},"end":{"line":135,"column":7}},"136":{"start":{"line":137,"column":0},"end":{"line":137,"column":68}},"137":{"start":{"line":138,"column":0},"end":{"line":138,"column":30}},"138":{"start":{"line":139,"column":0},"end":{"line":139,"column":73}},"140":{"start":{"line":141,"column":0},"end":{"line":141,"column":61}},"141":{"start":{"line":142,"column":0},"end":{"line":142,"column":45}},"143":{"start":{"line":144,"column":0},"end":{"line":144,"column":33}},"144":{"start":{"line":145,"column":0},"end":{"line":145,"column":60}},"145":{"start":{"line":146,"column":0},"end":{"line":146,"column":71}},"146":{"start":{"line":147,"column":0},"end":{"line":147,"column":7}},"148":{"start":{"line":149,"column":0},"end":{"line":149,"column":50}},"149":{"start":{"line":150,"column":0},"end":{"line":150,"column":30}},"150":{"start":{"line":151,"column":0},"end":{"line":151,"column":43}},"151":{"start":{"line":152,"column":0},"end":{"line":152,"column":62}},"153":{"start":{"line":154,"column":0},"end":{"line":154,"column":45}},"154":{"start":{"line":155,"column":0},"end":{"line":155,"column":70}},"156":{"start":{"line":157,"column":0},"end":{"line":157,"column":68}},"157":{"start":{"line":158,"column":0},"end":{"line":158,"column":20}},"158":{"start":{"line":159,"column":0},"end":{"line":159,"column":45}},"159":{"start":{"line":160,"column":0},"end":{"line":160,"column":22}},"160":{"start":{"line":161,"column":0},"end":{"line":161,"column":39}},"161":{"start":{"line":162,"column":0},"end":{"line":162,"column":10}},"162":{"start":{"line":163,"column":0},"end":{"line":163,"column":10}},"163":{"start":{"line":164,"column":0},"end":{"line":164,"column":7}},"164":{"start":{"line":165,"column":0},"end":{"line":165,"column":5}},"166":{"start":{"line":167,"column":0},"end":{"line":167,"column":47}},"167":{"start":{"line":168,"column":0},"end":{"line":168,"column":53}},"168":{"start":{"line":169,"column":0},"end":{"line":169,"column":31}},"169":{"start":{"line":170,"column":0},"end":{"line":170,"column":31}},"171":{"start":{"line":172,"column":0},"end":{"line":172,"column":79}},"172":{"start":{"line":173,"column":0},"end":{"line":173,"column":66}},"173":{"start":{"line":174,"column":0},"end":{"line":174,"column":49}},"175":{"start":{"line":176,"column":0},"end":{"line":176,"column":52}},"177":{"start":{"line":178,"column":0},"end":{"line":178,"column":40}},"179":{"start":{"line":180,"column":0},"end":{"line":180,"column":72}},"180":{"start":{"line":181,"column":0},"end":{"line":181,"column":44}},"181":{"start":{"line":182,"column":0},"end":{"line":182,"column":53}},"182":{"start":{"line":183,"column":0},"end":{"line":183,"column":50}},"183":{"start":{"line":184,"column":0},"end":{"line":184,"column":62}},"184":{"start":{"line":185,"column":0},"end":{"line":185,"column":61}},"185":{"start":{"line":186,"column":0},"end":{"line":186,"column":9}},"187":{"start":{"line":188,"column":0},"end":{"line":188,"column":72}},"188":{"start":{"line":189,"column":0},"end":{"line":189,"column":44}},"189":{"start":{"line":190,"column":0},"end":{"line":190,"column":53}},"190":{"start":{"line":191,"column":0},"end":{"line":191,"column":7}},"192":{"start":{"line":193,"column":0},"end":{"line":193,"column":64}},"193":{"start":{"line":194,"column":0},"end":{"line":194,"column":31}},"194":{"start":{"line":195,"column":0},"end":{"line":195,"column":31}},"196":{"start":{"line":197,"column":0},"end":{"line":197,"column":42}},"197":{"start":{"line":198,"column":0},"end":{"line":198,"column":42}},"198":{"start":{"line":199,"column":0},"end":{"line":199,"column":42}},"200":{"start":{"line":201,"column":0},"end":{"line":201,"column":48}},"201":{"start":{"line":202,"column":0},"end":{"line":202,"column":34}},"202":{"start":{"line":203,"column":0},"end":{"line":203,"column":34}},"204":{"start":{"line":205,"column":0},"end":{"line":205,"column":66}},"205":{"start":{"line":206,"column":0},"end":{"line":206,"column":46}},"206":{"start":{"line":207,"column":0},"end":{"line":207,"column":7}},"208":{"start":{"line":209,"column":0},"end":{"line":209,"column":69}},"209":{"start":{"line":210,"column":0},"end":{"line":210,"column":31}},"210":{"start":{"line":211,"column":0},"end":{"line":211,"column":31}},"212":{"start":{"line":213,"column":0},"end":{"line":213,"column":42}},"213":{"start":{"line":214,"column":0},"end":{"line":214,"column":42}},"215":{"start":{"line":216,"column":0},"end":{"line":216,"column":40}},"216":{"start":{"line":217,"column":0},"end":{"line":217,"column":34}},"217":{"start":{"line":218,"column":0},"end":{"line":218,"column":34}},"219":{"start":{"line":220,"column":0},"end":{"line":220,"column":46}},"220":{"start":{"line":221,"column":0},"end":{"line":221,"column":46}},"221":{"start":{"line":222,"column":0},"end":{"line":222,"column":7}},"223":{"start":{"line":224,"column":0},"end":{"line":224,"column":47}},"224":{"start":{"line":225,"column":0},"end":{"line":225,"column":30}},"226":{"start":{"line":227,"column":0},"end":{"line":227,"column":63}},"228":{"start":{"line":229,"column":0},"end":{"line":229,"column":45}},"229":{"start":{"line":230,"column":0},"end":{"line":230,"column":63}},"231":{"start":{"line":232,"column":0},"end":{"line":232,"column":45}},"232":{"start":{"line":233,"column":0},"end":{"line":233,"column":63}},"234":{"start":{"line":235,"column":0},"end":{"line":235,"column":46}},"235":{"start":{"line":236,"column":0},"end":{"line":236,"column":63}},"236":{"start":{"line":237,"column":0},"end":{"line":237,"column":7}},"238":{"start":{"line":239,"column":0},"end":{"line":239,"column":53}},"239":{"start":{"line":240,"column":0},"end":{"line":240,"column":30}},"241":{"start":{"line":242,"column":0},"end":{"line":242,"column":66}},"243":{"start":{"line":244,"column":0},"end":{"line":244,"column":45}},"244":{"start":{"line":245,"column":0},"end":{"line":245,"column":65}},"246":{"start":{"line":247,"column":0},"end":{"line":247,"column":46}},"247":{"start":{"line":248,"column":0},"end":{"line":248,"column":66}},"248":{"start":{"line":249,"column":0},"end":{"line":249,"column":7}},"250":{"start":{"line":251,"column":0},"end":{"line":251,"column":52}},"251":{"start":{"line":252,"column":0},"end":{"line":252,"column":30}},"253":{"start":{"line":254,"column":0},"end":{"line":254,"column":52}},"255":{"start":{"line":256,"column":0},"end":{"line":256,"column":41}},"256":{"start":{"line":257,"column":0},"end":{"line":257,"column":41}},"258":{"start":{"line":259,"column":0},"end":{"line":259,"column":51}},"259":{"start":{"line":260,"column":0},"end":{"line":260,"column":45}},"260":{"start":{"line":261,"column":0},"end":{"line":261,"column":45}},"261":{"start":{"line":262,"column":0},"end":{"line":262,"column":41}},"262":{"start":{"line":263,"column":0},"end":{"line":263,"column":7}},"263":{"start":{"line":264,"column":0},"end":{"line":264,"column":5}},"265":{"start":{"line":266,"column":0},"end":{"line":266,"column":36}},"266":{"start":{"line":267,"column":0},"end":{"line":267,"column":67}},"267":{"start":{"line":268,"column":0},"end":{"line":268,"column":40}},"268":{"start":{"line":269,"column":0},"end":{"line":269,"column":41}},"269":{"start":{"line":270,"column":0},"end":{"line":270,"column":9}},"270":{"start":{"line":271,"column":0},"end":{"line":271,"column":36}},"271":{"start":{"line":272,"column":0},"end":{"line":272,"column":41}},"274":{"start":{"line":275,"column":0},"end":{"line":275,"column":58}},"276":{"start":{"line":277,"column":0},"end":{"line":277,"column":50}},"277":{"start":{"line":278,"column":0},"end":{"line":278,"column":51}},"280":{"start":{"line":281,"column":0},"end":{"line":281,"column":20}},"281":{"start":{"line":282,"column":0},"end":{"line":282,"column":61}},"282":{"start":{"line":283,"column":0},"end":{"line":283,"column":23}},"284":{"start":{"line":285,"column":0},"end":{"line":285,"column":50}},"285":{"start":{"line":286,"column":0},"end":{"line":286,"column":51}},"286":{"start":{"line":287,"column":0},"end":{"line":287,"column":56}},"287":{"start":{"line":288,"column":0},"end":{"line":288,"column":79}},"288":{"start":{"line":289,"column":0},"end":{"line":289,"column":36}},"289":{"start":{"line":290,"column":0},"end":{"line":290,"column":28}},"290":{"start":{"line":291,"column":0},"end":{"line":291,"column":30}},"291":{"start":{"line":292,"column":0},"end":{"line":292,"column":10}},"292":{"start":{"line":293,"column":0},"end":{"line":293,"column":7}},"294":{"start":{"line":295,"column":0},"end":{"line":295,"column":66}},"295":{"start":{"line":296,"column":0},"end":{"line":296,"column":40}},"296":{"start":{"line":297,"column":0},"end":{"line":297,"column":41}},"297":{"start":{"line":298,"column":0},"end":{"line":298,"column":9}},"299":{"start":{"line":300,"column":0},"end":{"line":300,"column":73}},"300":{"start":{"line":301,"column":0},"end":{"line":301,"column":38}},"303":{"start":{"line":304,"column":0},"end":{"line":304,"column":66}},"304":{"start":{"line":305,"column":0},"end":{"line":305,"column":68}},"305":{"start":{"line":306,"column":0},"end":{"line":306,"column":7}},"306":{"start":{"line":307,"column":0},"end":{"line":307,"column":5}},"308":{"start":{"line":309,"column":0},"end":{"line":309,"column":39}},"309":{"start":{"line":310,"column":0},"end":{"line":310,"column":55}},"310":{"start":{"line":311,"column":0},"end":{"line":311,"column":30}},"312":{"start":{"line":313,"column":0},"end":{"line":313,"column":45}},"313":{"start":{"line":314,"column":0},"end":{"line":314,"column":65}},"315":{"start":{"line":316,"column":0},"end":{"line":316,"column":46}},"316":{"start":{"line":317,"column":0},"end":{"line":317,"column":66}},"317":{"start":{"line":318,"column":0},"end":{"line":318,"column":68}},"318":{"start":{"line":319,"column":0},"end":{"line":319,"column":7}},"320":{"start":{"line":321,"column":0},"end":{"line":321,"column":54}},"321":{"start":{"line":322,"column":0},"end":{"line":322,"column":30}},"323":{"start":{"line":324,"column":0},"end":{"line":324,"column":68}},"324":{"start":{"line":325,"column":0},"end":{"line":325,"column":65}},"326":{"start":{"line":327,"column":0},"end":{"line":327,"column":38}},"327":{"start":{"line":328,"column":0},"end":{"line":328,"column":66}},"328":{"start":{"line":329,"column":0},"end":{"line":329,"column":68}},"329":{"start":{"line":330,"column":0},"end":{"line":330,"column":7}},"330":{"start":{"line":331,"column":0},"end":{"line":331,"column":5}},"331":{"start":{"line":332,"column":0},"end":{"line":332,"column":3}},"333":{"start":{"line":334,"column":0},"end":{"line":334,"column":37}},"334":{"start":{"line":335,"column":0},"end":{"line":335,"column":57}},"335":{"start":{"line":336,"column":0},"end":{"line":336,"column":42}},"336":{"start":{"line":337,"column":0},"end":{"line":337,"column":42}},"338":{"start":{"line":339,"column":0},"end":{"line":339,"column":50}},"339":{"start":{"line":340,"column":0},"end":{"line":340,"column":50}},"340":{"start":{"line":341,"column":0},"end":{"line":341,"column":40}},"341":{"start":{"line":342,"column":0},"end":{"line":342,"column":5}},"343":{"start":{"line":344,"column":0},"end":{"line":344,"column":57}},"344":{"start":{"line":345,"column":0},"end":{"line":345,"column":60}},"347":{"start":{"line":348,"column":0},"end":{"line":348,"column":76}},"348":{"start":{"line":349,"column":0},"end":{"line":349,"column":52}},"349":{"start":{"line":350,"column":0},"end":{"line":350,"column":5}},"350":{"start":{"line":351,"column":0},"end":{"line":351,"column":3}},"352":{"start":{"line":353,"column":0},"end":{"line":353,"column":33}},"353":{"start":{"line":354,"column":0},"end":{"line":354,"column":33}},"355":{"start":{"line":356,"column":0},"end":{"line":356,"column":20}},"356":{"start":{"line":357,"column":0},"end":{"line":357,"column":38}},"357":{"start":{"line":358,"column":0},"end":{"line":358,"column":5}},"359":{"start":{"line":360,"column":0},"end":{"line":360,"column":52}},"360":{"start":{"line":361,"column":0},"end":{"line":361,"column":57}},"361":{"start":{"line":362,"column":0},"end":{"line":362,"column":59}},"362":{"start":{"line":363,"column":0},"end":{"line":363,"column":61}},"363":{"start":{"line":364,"column":0},"end":{"line":364,"column":65}},"364":{"start":{"line":365,"column":0},"end":{"line":365,"column":59}},"365":{"start":{"line":366,"column":0},"end":{"line":366,"column":67}},"366":{"start":{"line":367,"column":0},"end":{"line":367,"column":61}},"367":{"start":{"line":368,"column":0},"end":{"line":368,"column":5}},"369":{"start":{"line":370,"column":0},"end":{"line":370,"column":46}},"370":{"start":{"line":371,"column":0},"end":{"line":371,"column":28}},"372":{"start":{"line":373,"column":0},"end":{"line":373,"column":57}},"373":{"start":{"line":374,"column":0},"end":{"line":374,"column":51}},"374":{"start":{"line":375,"column":0},"end":{"line":375,"column":32}},"375":{"start":{"line":376,"column":0},"end":{"line":376,"column":22}},"376":{"start":{"line":377,"column":0},"end":{"line":377,"column":7}},"378":{"start":{"line":379,"column":0},"end":{"line":379,"column":66}},"379":{"start":{"line":380,"column":0},"end":{"line":380,"column":32}},"380":{"start":{"line":381,"column":0},"end":{"line":381,"column":22}},"381":{"start":{"line":382,"column":0},"end":{"line":382,"column":8}},"382":{"start":{"line":383,"column":0},"end":{"line":383,"column":5}},"383":{"start":{"line":384,"column":0},"end":{"line":384,"column":3}},"385":{"start":{"line":386,"column":0},"end":{"line":386,"column":41}},"386":{"start":{"line":387,"column":0},"end":{"line":387,"column":33}},"388":{"start":{"line":389,"column":0},"end":{"line":389,"column":20}},"389":{"start":{"line":390,"column":0},"end":{"line":390,"column":38}},"390":{"start":{"line":391,"column":0},"end":{"line":391,"column":5}},"392":{"start":{"line":393,"column":0},"end":{"line":393,"column":48}},"393":{"start":{"line":394,"column":0},"end":{"line":394,"column":33}},"396":{"start":{"line":397,"column":0},"end":{"line":397,"column":52}},"397":{"start":{"line":398,"column":0},"end":{"line":398,"column":36}},"399":{"start":{"line":400,"column":0},"end":{"line":400,"column":61}},"400":{"start":{"line":401,"column":0},"end":{"line":401,"column":30}},"401":{"start":{"line":402,"column":0},"end":{"line":402,"column":7}},"402":{"start":{"line":403,"column":0},"end":{"line":403,"column":25}},"405":{"start":{"line":406,"column":0},"end":{"line":406,"column":52}},"406":{"start":{"line":407,"column":0},"end":{"line":407,"column":35}},"407":{"start":{"line":408,"column":0},"end":{"line":408,"column":40}},"408":{"start":{"line":409,"column":0},"end":{"line":409,"column":7}},"409":{"start":{"line":410,"column":0},"end":{"line":410,"column":24}},"412":{"start":{"line":413,"column":0},"end":{"line":413,"column":48}},"413":{"start":{"line":414,"column":0},"end":{"line":414,"column":40}},"414":{"start":{"line":415,"column":0},"end":{"line":415,"column":36}},"417":{"start":{"line":418,"column":0},"end":{"line":418,"column":48}},"418":{"start":{"line":419,"column":0},"end":{"line":419,"column":31}},"419":{"start":{"line":420,"column":0},"end":{"line":420,"column":65}},"422":{"start":{"line":423,"column":0},"end":{"line":423,"column":78}},"423":{"start":{"line":424,"column":0},"end":{"line":424,"column":87}},"426":{"start":{"line":427,"column":0},"end":{"line":427,"column":23}},"427":{"start":{"line":428,"column":0},"end":{"line":428,"column":78}},"428":{"start":{"line":429,"column":0},"end":{"line":429,"column":78}},"431":{"start":{"line":432,"column":0},"end":{"line":432,"column":23}},"432":{"start":{"line":433,"column":0},"end":{"line":433,"column":79}},"433":{"start":{"line":434,"column":0},"end":{"line":434,"column":66}},"434":{"start":{"line":435,"column":0},"end":{"line":435,"column":5}},"436":{"start":{"line":437,"column":0},"end":{"line":437,"column":77}},"437":{"start":{"line":438,"column":0},"end":{"line":438,"column":29}},"438":{"start":{"line":439,"column":0},"end":{"line":439,"column":29}},"439":{"start":{"line":440,"column":0},"end":{"line":440,"column":26}},"442":{"start":{"line":443,"column":0},"end":{"line":443,"column":50}},"443":{"start":{"line":444,"column":0},"end":{"line":444,"column":33}},"444":{"start":{"line":445,"column":0},"end":{"line":445,"column":7}},"447":{"start":{"line":448,"column":0},"end":{"line":448,"column":39}},"448":{"start":{"line":449,"column":0},"end":{"line":449,"column":46}},"449":{"start":{"line":450,"column":0},"end":{"line":450,"column":7}},"451":{"start":{"line":452,"column":0},"end":{"line":452,"column":44}},"452":{"start":{"line":453,"column":0},"end":{"line":453,"column":82}},"453":{"start":{"line":454,"column":0},"end":{"line":454,"column":49}},"455":{"start":{"line":456,"column":0},"end":{"line":456,"column":36}},"457":{"start":{"line":458,"column":0},"end":{"line":458,"column":44}},"458":{"start":{"line":459,"column":0},"end":{"line":459,"column":60}},"459":{"start":{"line":460,"column":0},"end":{"line":460,"column":49}},"460":{"start":{"line":461,"column":0},"end":{"line":461,"column":90}},"463":{"start":{"line":464,"column":0},"end":{"line":464,"column":36}},"464":{"start":{"line":465,"column":0},"end":{"line":465,"column":44}},"465":{"start":{"line":466,"column":0},"end":{"line":466,"column":79}},"466":{"start":{"line":467,"column":0},"end":{"line":467,"column":5}},"467":{"start":{"line":468,"column":0},"end":{"line":468,"column":3}}},"s":{"0":1,"4":1,"5":1,"8":1,"9":1,"11":1,"12":21,"13":1,"15":1,"16":1,"17":1,"18":1,"20":1,"21":1,"23":1,"24":1,"25":1,"27":1,"28":1,"29":1,"30":1,"32":1,"33":1,"34":1,"36":1,"37":1,"38":1,"40":1,"41":1,"42":1,"44":1,"45":1,"46":1,"47":1,"49":1,"50":1,"51":1,"53":1,"54":1,"57":1,"58":1,"59":1,"61":1,"62":1,"63":1,"65":1,"66":1,"68":1,"69":1,"70":1,"72":1,"73":1,"74":1,"76":1,"77":1,"78":1,"79":1,"81":1,"82":1,"83":1,"84":1,"85":1,"86":1,"87":1,"89":1,"91":1,"92":1,"93":1,"94":1,"95":1,"97":1,"98":1,"100":1,"101":1,"102":1,"104":1,"105":1,"106":1,"108":1,"109":1,"110":1,"111":1,"112":1,"114":1,"115":1,"116":1,"118":1,"120":1,"121":1,"123":1,"124":1,"125":1,"127":1,"129":1,"130":1,"132":1,"133":1,"134":1,"136":1,"137":1,"138":1,"140":1,"141":1,"143":1,"144":1,"145":1,"146":1,"148":1,"149":1,"150":1,"151":1,"153":1,"154":1,"156":1,"157":1,"158":1,"159":1,"160":1,"161":1,"162":1,"163":1,"164":1,"166":1,"167":1,"168":1,"169":1,"171":1,"172":1,"173":1,"175":1,"177":1,"179":1,"180":1,"181":1,"182":1,"183":1,"184":1,"185":1,"187":1,"188":1,"189":1,"190":1,"192":1,"193":1,"194":1,"196":1,"197":1,"198":1,"200":1,"201":1,"202":1,"204":1,"205":1,"206":1,"208":1,"209":1,"210":1,"212":1,"213":1,"215":1,"216":1,"217":1,"219":1,"220":1,"221":1,"223":1,"224":1,"226":1,"228":1,"229":1,"231":1,"232":1,"234":1,"235":1,"236":1,"238":1,"239":1,"241":1,"243":1,"244":1,"246":1,"247":1,"248":1,"250":1,"251":1,"253":1,"255":1,"256":1,"258":1,"259":1,"260":1,"261":1,"262":1,"263":1,"265":1,"266":1,"267":1,"268":1,"269":1,"270":1,"271":1,"274":1,"276":1,"277":1,"280":1,"281":1,"282":1,"284":1,"285":1,"286":1,"287":1,"288":1,"289":1,"290":1,"291":1,"292":1,"294":1,"295":1,"296":1,"297":1,"299":1,"300":1,"303":1,"304":1,"305":1,"306":1,"308":1,"309":1,"310":1,"312":1,"313":1,"315":1,"316":1,"317":1,"318":1,"320":1,"321":1,"323":1,"324":1,"326":1,"327":1,"328":1,"329":1,"330":1,"331":1,"333":1,"334":1,"335":1,"336":1,"338":1,"339":1,"340":1,"341":1,"343":1,"344":1,"347":1,"348":1,"349":1,"350":1,"352":1,"353":1,"355":1,"356":2,"357":1,"359":1,"360":1,"361":1,"362":1,"363":1,"364":1,"365":1,"366":1,"367":1,"369":1,"370":1,"372":1,"373":1,"374":1,"375":1,"376":1,"378":1,"379":1,"380":1,"381":1,"382":1,"383":1,"385":1,"386":1,"388":1,"389":2,"390":1,"392":1,"393":1,"396":1,"397":3,"399":3,"400":3,"401":3,"402":1,"405":1,"406":3,"407":3,"408":3,"409":1,"412":1,"413":1,"414":1,"417":1,"418":1,"419":1,"422":1,"423":1,"426":1,"427":1,"428":1,"431":1,"432":1,"433":1,"434":1,"436":1,"437":1,"438":1,"439":1,"442":1,"443":1,"444":1,"447":1,"448":2,"449":1,"451":1,"452":1,"453":1,"455":1,"457":1,"458":1,"459":1,"460":1,"463":1,"464":1,"465":1,"466":1,"467":1},"branchMap":{"0":{"type":"branch","line":9,"loc":{"start":{"line":9,"column":25},"end":{"line":332,"column":3}},"locations":[{"start":{"line":9,"column":25},"end":{"line":332,"column":3}}]},"1":{"type":"branch","line":12,"loc":{"start":{"line":12,"column":13},"end":{"line":14,"column":3}},"locations":[{"start":{"line":12,"column":13},"end":{"line":14,"column":3}}]},"2":{"type":"branch","line":16,"loc":{"start":{"line":16,"column":43},"end":{"line":80,"column":3}},"locations":[{"start":{"line":16,"column":43},"end":{"line":80,"column":3}}]},"3":{"type":"branch","line":17,"loc":{"start":{"line":17,"column":54},"end":{"line":26,"column":5}},"locations":[{"start":{"line":17,"column":54},"end":{"line":26,"column":5}}]},"4":{"type":"branch","line":28,"loc":{"start":{"line":28,"column":63},"end":{"line":39,"column":5}},"locations":[{"start":{"line":28,"column":63},"end":{"line":39,"column":5}}]},"5":{"type":"branch","line":41,"loc":{"start":{"line":41,"column":49},"end":{"line":52,"column":5}},"locations":[{"start":{"line":41,"column":49},"end":{"line":52,"column":5}}]},"6":{"type":"branch","line":54,"loc":{"start":{"line":54,"column":67},"end":{"line":67,"column":5}},"locations":[{"start":{"line":54,"column":67},"end":{"line":67,"column":5}}]},"7":{"type":"branch","line":58,"loc":{"start":{"line":58,"column":13},"end":{"line":60,"column":7}},"locations":[{"start":{"line":58,"column":13},"end":{"line":60,"column":7}}]},"8":{"type":"branch","line":69,"loc":{"start":{"line":69,"column":60},"end":{"line":79,"column":5}},"locations":[{"start":{"line":69,"column":60},"end":{"line":79,"column":5}}]},"9":{"type":"branch","line":82,"loc":{"start":{"line":82,"column":46},"end":{"line":165,"column":3}},"locations":[{"start":{"line":82,"column":46},"end":{"line":165,"column":3}}]},"10":{"type":"branch","line":83,"loc":{"start":{"line":83,"column":51},"end":{"line":96,"column":5}},"locations":[{"start":{"line":83,"column":51},"end":{"line":96,"column":5}}]},"11":{"type":"branch","line":98,"loc":{"start":{"line":98,"column":46},"end":{"line":107,"column":5}},"locations":[{"start":{"line":98,"column":46},"end":{"line":107,"column":5}}]},"12":{"type":"branch","line":109,"loc":{"start":{"line":109,"column":43},"end":{"line":122,"column":5}},"locations":[{"start":{"line":109,"column":43},"end":{"line":122,"column":5}}]},"13":{"type":"branch","line":111,"loc":{"start":{"line":111,"column":29},"end":{"line":111,"column":52}},"locations":[{"start":{"line":111,"column":29},"end":{"line":111,"column":52}}]},"14":{"type":"branch","line":112,"loc":{"start":{"line":112,"column":29},"end":{"line":112,"column":52}},"locations":[{"start":{"line":112,"column":29},"end":{"line":112,"column":52}}]},"15":{"type":"branch","line":113,"loc":{"start":{"line":113,"column":29},"end":{"line":113,"column":52}},"locations":[{"start":{"line":113,"column":29},"end":{"line":113,"column":52}}]},"16":{"type":"branch","line":124,"loc":{"start":{"line":124,"column":39},"end":{"line":135,"column":5}},"locations":[{"start":{"line":124,"column":39},"end":{"line":135,"column":5}}]},"17":{"type":"branch","line":126,"loc":{"start":{"line":126,"column":21},"end":{"line":126,"column":63}},"locations":[{"start":{"line":126,"column":21},"end":{"line":126,"column":63}}]},"18":{"type":"branch","line":137,"loc":{"start":{"line":137,"column":61},"end":{"line":147,"column":5}},"locations":[{"start":{"line":137,"column":61},"end":{"line":147,"column":5}}]},"19":{"type":"branch","line":149,"loc":{"start":{"line":149,"column":43},"end":{"line":164,"column":5}},"locations":[{"start":{"line":149,"column":43},"end":{"line":164,"column":5}}]},"20":{"type":"branch","line":167,"loc":{"start":{"line":167,"column":40},"end":{"line":264,"column":3}},"locations":[{"start":{"line":167,"column":40},"end":{"line":264,"column":3}}]},"21":{"type":"branch","line":168,"loc":{"start":{"line":168,"column":46},"end":{"line":191,"column":5}},"locations":[{"start":{"line":168,"column":46},"end":{"line":191,"column":5}}]},"22":{"type":"branch","line":180,"loc":{"start":{"line":180,"column":45},"end":{"line":180,"column":70}},"locations":[{"start":{"line":180,"column":45},"end":{"line":180,"column":70}}]},"23":{"type":"branch","line":188,"loc":{"start":{"line":188,"column":45},"end":{"line":188,"column":70}},"locations":[{"start":{"line":188,"column":45},"end":{"line":188,"column":70}}]},"24":{"type":"branch","line":193,"loc":{"start":{"line":193,"column":57},"end":{"line":207,"column":5}},"locations":[{"start":{"line":193,"column":57},"end":{"line":207,"column":5}}]},"25":{"type":"branch","line":209,"loc":{"start":{"line":209,"column":62},"end":{"line":222,"column":5}},"locations":[{"start":{"line":209,"column":62},"end":{"line":222,"column":5}}]},"26":{"type":"branch","line":224,"loc":{"start":{"line":224,"column":40},"end":{"line":237,"column":5}},"locations":[{"start":{"line":224,"column":40},"end":{"line":237,"column":5}}]},"27":{"type":"branch","line":239,"loc":{"start":{"line":239,"column":46},"end":{"line":249,"column":5}},"locations":[{"start":{"line":239,"column":46},"end":{"line":249,"column":5}}]},"28":{"type":"branch","line":251,"loc":{"start":{"line":251,"column":45},"end":{"line":263,"column":5}},"locations":[{"start":{"line":251,"column":45},"end":{"line":263,"column":5}}]},"29":{"type":"branch","line":266,"loc":{"start":{"line":266,"column":29},"end":{"line":307,"column":3}},"locations":[{"start":{"line":266,"column":29},"end":{"line":307,"column":3}}]},"30":{"type":"branch","line":267,"loc":{"start":{"line":267,"column":60},"end":{"line":293,"column":5}},"locations":[{"start":{"line":267,"column":60},"end":{"line":293,"column":5}}]},"31":{"type":"branch","line":268,"loc":{"start":{"line":268,"column":33},"end":{"line":270,"column":7}},"locations":[{"start":{"line":268,"column":33},"end":{"line":270,"column":7}}]},"32":{"type":"branch","line":281,"loc":{"start":{"line":281,"column":13},"end":{"line":283,"column":7}},"locations":[{"start":{"line":281,"column":13},"end":{"line":283,"column":7}}]},"33":{"type":"branch","line":295,"loc":{"start":{"line":295,"column":59},"end":{"line":306,"column":5}},"locations":[{"start":{"line":295,"column":59},"end":{"line":306,"column":5}}]},"34":{"type":"branch","line":296,"loc":{"start":{"line":296,"column":33},"end":{"line":298,"column":7}},"locations":[{"start":{"line":296,"column":33},"end":{"line":298,"column":7}}]},"35":{"type":"branch","line":309,"loc":{"start":{"line":309,"column":32},"end":{"line":331,"column":3}},"locations":[{"start":{"line":309,"column":32},"end":{"line":331,"column":3}}]},"36":{"type":"branch","line":310,"loc":{"start":{"line":310,"column":48},"end":{"line":319,"column":5}},"locations":[{"start":{"line":310,"column":48},"end":{"line":319,"column":5}}]},"37":{"type":"branch","line":321,"loc":{"start":{"line":321,"column":47},"end":{"line":330,"column":5}},"locations":[{"start":{"line":321,"column":47},"end":{"line":330,"column":5}}]},"38":{"type":"branch","line":334,"loc":{"start":{"line":334,"column":30},"end":{"line":351,"column":3}},"locations":[{"start":{"line":334,"column":30},"end":{"line":351,"column":3}}]},"39":{"type":"branch","line":335,"loc":{"start":{"line":335,"column":50},"end":{"line":342,"column":3}},"locations":[{"start":{"line":335,"column":50},"end":{"line":342,"column":3}}]},"40":{"type":"branch","line":344,"loc":{"start":{"line":344,"column":44},"end":{"line":350,"column":3}},"locations":[{"start":{"line":344,"column":44},"end":{"line":350,"column":3}}]},"41":{"type":"branch","line":353,"loc":{"start":{"line":353,"column":26},"end":{"line":384,"column":3}},"locations":[{"start":{"line":353,"column":26},"end":{"line":384,"column":3}}]},"42":{"type":"branch","line":356,"loc":{"start":{"line":356,"column":13},"end":{"line":358,"column":3}},"locations":[{"start":{"line":356,"column":13},"end":{"line":358,"column":3}}]},"43":{"type":"branch","line":360,"loc":{"start":{"line":360,"column":45},"end":{"line":368,"column":3}},"locations":[{"start":{"line":360,"column":45},"end":{"line":368,"column":3}}]},"44":{"type":"branch","line":370,"loc":{"start":{"line":370,"column":39},"end":{"line":383,"column":3}},"locations":[{"start":{"line":370,"column":39},"end":{"line":383,"column":3}}]},"45":{"type":"branch","line":386,"loc":{"start":{"line":386,"column":34},"end":{"line":468,"column":3}},"locations":[{"start":{"line":386,"column":34},"end":{"line":468,"column":3}}]},"46":{"type":"branch","line":389,"loc":{"start":{"line":389,"column":13},"end":{"line":391,"column":3}},"locations":[{"start":{"line":389,"column":13},"end":{"line":391,"column":3}}]},"47":{"type":"branch","line":393,"loc":{"start":{"line":393,"column":41},"end":{"line":435,"column":3}},"locations":[{"start":{"line":393,"column":41},"end":{"line":435,"column":3}}]},"48":{"type":"branch","line":397,"loc":{"start":{"line":397,"column":41},"end":{"line":403,"column":7}},"locations":[{"start":{"line":397,"column":41},"end":{"line":403,"column":7}}]},"49":{"type":"branch","line":406,"loc":{"start":{"line":406,"column":41},"end":{"line":410,"column":7}},"locations":[{"start":{"line":406,"column":41},"end":{"line":410,"column":7}}]},"50":{"type":"branch","line":413,"loc":{"start":{"line":413,"column":41},"end":{"line":415,"column":7}},"locations":[{"start":{"line":413,"column":41},"end":{"line":415,"column":7}}]},"51":{"type":"branch","line":418,"loc":{"start":{"line":418,"column":41},"end":{"line":420,"column":7}},"locations":[{"start":{"line":418,"column":41},"end":{"line":420,"column":7}}]},"52":{"type":"branch","line":420,"loc":{"start":{"line":420,"column":17},"end":{"line":420,"column":62}},"locations":[{"start":{"line":420,"column":17},"end":{"line":420,"column":62}}]},"53":{"type":"branch","line":437,"loc":{"start":{"line":437,"column":70},"end":{"line":467,"column":3}},"locations":[{"start":{"line":437,"column":70},"end":{"line":467,"column":3}}]},"54":{"type":"branch","line":443,"loc":{"start":{"line":443,"column":43},"end":{"line":445,"column":5}},"locations":[{"start":{"line":443,"column":43},"end":{"line":445,"column":5}}]},"55":{"type":"branch","line":448,"loc":{"start":{"line":448,"column":32},"end":{"line":450,"column":5}},"locations":[{"start":{"line":448,"column":32},"end":{"line":450,"column":5}}]}},"b":{"0":[1],"1":[21],"2":[1],"3":[1],"4":[1],"5":[1],"6":[1],"7":[1],"8":[1],"9":[1],"10":[1],"11":[1],"12":[1],"13":[1],"14":[1],"15":[1],"16":[1],"17":[2],"18":[1],"19":[1],"20":[1],"21":[1],"22":[1],"23":[2],"24":[1],"25":[1],"26":[1],"27":[1],"28":[1],"29":[1],"30":[1],"31":[1],"32":[1],"33":[1],"34":[1],"35":[1],"36":[1],"37":[1],"38":[1],"39":[1],"40":[1],"41":[1],"42":[2],"43":[1],"44":[1],"45":[1],"46":[2],"47":[1],"48":[3],"49":[3],"50":[1],"51":[1],"52":[3],"53":[1],"54":[1],"55":[2]},"fnMap":{"0":{"name":"filter","decl":{"start":{"line":126,"column":21},"end":{"line":126,"column":63}},"loc":{"start":{"line":126,"column":21},"end":{"line":126,"column":63}},"line":126},"1":{"name":"eventEmitter.subscribe.priority","decl":{"start":{"line":397,"column":41},"end":{"line":403,"column":7}},"loc":{"start":{"line":397,"column":41},"end":{"line":403,"column":7}},"line":397},"2":{"name":"eventEmitter.subscribe.priority","decl":{"start":{"line":406,"column":41},"end":{"line":410,"column":7}},"loc":{"start":{"line":406,"column":41},"end":{"line":410,"column":7}},"line":406},"3":{"name":"eventEmitter.subscribe.priority","decl":{"start":{"line":413,"column":41},"end":{"line":415,"column":7}},"loc":{"start":{"line":413,"column":41},"end":{"line":415,"column":7}},"line":413},"4":{"name":"eventEmitter.subscribe.filter","decl":{"start":{"line":418,"column":41},"end":{"line":420,"column":7}},"loc":{"start":{"line":418,"column":41},"end":{"line":420,"column":7}},"line":418},"5":{"name":"filter","decl":{"start":{"line":420,"column":17},"end":{"line":420,"column":62}},"loc":{"start":{"line":420,"column":17},"end":{"line":420,"column":62}},"line":420}},"f":{"0":2,"1":3,"2":3,"3":1,"4":1,"5":3}}
,"D:\\byp\\tauri\\baize\\packages\\plugin-sdk\\src\\events.ts": {"path":"D:\\byp\\tauri\\baize\\packages\\plugin-sdk\\src\\events.ts","all":false,"statementMap":{"99":{"start":{"line":100,"column":0},"end":{"line":100,"column":26}},"101":{"start":{"line":102,"column":0},"end":{"line":102,"column":30}},"103":{"start":{"line":104,"column":0},"end":{"line":104,"column":32}},"105":{"start":{"line":106,"column":0},"end":{"line":106,"column":34}},"107":{"start":{"line":108,"column":0},"end":{"line":108,"column":38}},"109":{"start":{"line":110,"column":0},"end":{"line":110,"column":32}},"111":{"start":{"line":112,"column":0},"end":{"line":112,"column":40}},"113":{"start":{"line":114,"column":0},"end":{"line":114,"column":33}},"144":{"start":{"line":145,"column":0},"end":{"line":145,"column":55}},"145":{"start":{"line":146,"column":0},"end":{"line":146,"column":62}},"146":{"start":{"line":147,"column":0},"end":{"line":147,"column":21}},"153":{"start":{"line":154,"column":0},"end":{"line":154,"column":50}},"154":{"start":{"line":155,"column":0},"end":{"line":155,"column":35}},"155":{"start":{"line":156,"column":0},"end":{"line":156,"column":3}},"162":{"start":{"line":163,"column":0},"end":{"line":163,"column":41}},"163":{"start":{"line":164,"column":0},"end":{"line":164,"column":39}},"164":{"start":{"line":165,"column":0},"end":{"line":165,"column":3}},"171":{"start":{"line":172,"column":0},"end":{"line":172,"column":51}},"172":{"start":{"line":173,"column":0},"end":{"line":173,"column":53}},"173":{"start":{"line":174,"column":0},"end":{"line":174,"column":32}},"175":{"start":{"line":176,"column":0},"end":{"line":176,"column":85}},"176":{"start":{"line":177,"column":0},"end":{"line":177,"column":23}},"177":{"start":{"line":178,"column":0},"end":{"line":178,"column":38}},"178":{"start":{"line":179,"column":0},"end":{"line":179,"column":40}},"179":{"start":{"line":180,"column":0},"end":{"line":180,"column":37}},"180":{"start":{"line":181,"column":0},"end":{"line":181,"column":7}},"181":{"start":{"line":182,"column":0},"end":{"line":182,"column":5}},"182":{"start":{"line":183,"column":0},"end":{"line":183,"column":3}},"190":{"start":{"line":191,"column":0},"end":{"line":191,"column":110}},"191":{"start":{"line":192,"column":0},"end":{"line":192,"column":37}},"192":{"start":{"line":193,"column":0},"end":{"line":193,"column":36}},"193":{"start":{"line":194,"column":0},"end":{"line":194,"column":5}},"195":{"start":{"line":196,"column":0},"end":{"line":196,"column":43}},"196":{"start":{"line":197,"column":0},"end":{"line":197,"column":37}},"197":{"start":{"line":198,"column":0},"end":{"line":198,"column":9}},"198":{"start":{"line":199,"column":0},"end":{"line":199,"column":14}},"199":{"start":{"line":200,"column":0},"end":{"line":200,"column":16}},"200":{"start":{"line":201,"column":0},"end":{"line":201,"column":20}},"201":{"start":{"line":202,"column":0},"end":{"line":202,"column":20}},"202":{"start":{"line":203,"column":0},"end":{"line":203,"column":18}},"203":{"start":{"line":204,"column":0},"end":{"line":204,"column":7}},"204":{"start":{"line":205,"column":0},"end":{"line":205,"column":6}},"206":{"start":{"line":207,"column":0},"end":{"line":207,"column":54}},"209":{"start":{"line":210,"column":0},"end":{"line":210,"column":104}},"210":{"start":{"line":211,"column":0},"end":{"line":211,"column":29}},"211":{"start":{"line":212,"column":0},"end":{"line":212,"column":36}},"212":{"start":{"line":213,"column":0},"end":{"line":213,"column":12}},"213":{"start":{"line":214,"column":0},"end":{"line":214,"column":54}},"214":{"start":{"line":215,"column":0},"end":{"line":215,"column":5}},"216":{"start":{"line":217,"column":0},"end":{"line":217,"column":12}},"217":{"start":{"line":218,"column":0},"end":{"line":218,"column":12}},"218":{"start":{"line":219,"column":0},"end":{"line":219,"column":9}},"219":{"start":{"line":220,"column":0},"end":{"line":220,"column":26}},"220":{"start":{"line":221,"column":0},"end":{"line":221,"column":52}},"221":{"start":{"line":222,"column":0},"end":{"line":222,"column":24}},"222":{"start":{"line":223,"column":0},"end":{"line":223,"column":62}},"223":{"start":{"line":224,"column":0},"end":{"line":224,"column":29}},"224":{"start":{"line":225,"column":0},"end":{"line":225,"column":39}},"225":{"start":{"line":226,"column":0},"end":{"line":226,"column":41}},"226":{"start":{"line":227,"column":0},"end":{"line":227,"column":43}},"227":{"start":{"line":228,"column":0},"end":{"line":228,"column":13}},"228":{"start":{"line":229,"column":0},"end":{"line":229,"column":11}},"229":{"start":{"line":230,"column":0},"end":{"line":230,"column":9}},"230":{"start":{"line":231,"column":0},"end":{"line":231,"column":7}},"231":{"start":{"line":232,"column":0},"end":{"line":232,"column":6}},"232":{"start":{"line":233,"column":0},"end":{"line":233,"column":3}},"240":{"start":{"line":241,"column":0},"end":{"line":241,"column":83}},"241":{"start":{"line":242,"column":0},"end":{"line":242,"column":53}},"242":{"start":{"line":243,"column":0},"end":{"line":243,"column":63}},"245":{"start":{"line":246,"column":0},"end":{"line":246,"column":23}},"246":{"start":{"line":247,"column":0},"end":{"line":247,"column":67}},"247":{"start":{"line":248,"column":0},"end":{"line":248,"column":19}},"248":{"start":{"line":249,"column":0},"end":{"line":249,"column":16}},"249":{"start":{"line":250,"column":0},"end":{"line":250,"column":21}},"250":{"start":{"line":251,"column":0},"end":{"line":251,"column":32}},"251":{"start":{"line":252,"column":0},"end":{"line":252,"column":21}},"252":{"start":{"line":253,"column":0},"end":{"line":253,"column":9}},"253":{"start":{"line":254,"column":0},"end":{"line":254,"column":8}},"254":{"start":{"line":255,"column":0},"end":{"line":255,"column":12}},"255":{"start":{"line":256,"column":0},"end":{"line":256,"column":19}},"256":{"start":{"line":257,"column":0},"end":{"line":257,"column":13}},"257":{"start":{"line":258,"column":0},"end":{"line":258,"column":21}},"258":{"start":{"line":259,"column":0},"end":{"line":259,"column":32}},"259":{"start":{"line":260,"column":0},"end":{"line":260,"column":21}},"260":{"start":{"line":261,"column":0},"end":{"line":261,"column":9}},"261":{"start":{"line":262,"column":0},"end":{"line":262,"column":8}},"262":{"start":{"line":263,"column":0},"end":{"line":263,"column":5}},"265":{"start":{"line":266,"column":0},"end":{"line":266,"column":48}},"267":{"start":{"line":268,"column":0},"end":{"line":268,"column":45}},"268":{"start":{"line":269,"column":0},"end":{"line":269,"column":43}},"270":{"start":{"line":271,"column":0},"end":{"line":271,"column":11}},"272":{"start":{"line":273,"column":0},"end":{"line":273,"column":72}},"273":{"start":{"line":274,"column":0},"end":{"line":274,"column":19}},"274":{"start":{"line":275,"column":0},"end":{"line":275,"column":9}},"277":{"start":{"line":278,"column":0},"end":{"line":278,"column":36}},"280":{"start":{"line":281,"column":0},"end":{"line":281,"column":36}},"281":{"start":{"line":282,"column":0},"end":{"line":282,"column":42}},"282":{"start":{"line":283,"column":0},"end":{"line":283,"column":9}},"283":{"start":{"line":284,"column":0},"end":{"line":284,"column":23}},"284":{"start":{"line":285,"column":0},"end":{"line":285,"column":71}},"287":{"start":{"line":288,"column":0},"end":{"line":288,"column":36}},"288":{"start":{"line":289,"column":0},"end":{"line":289,"column":42}},"289":{"start":{"line":290,"column":0},"end":{"line":290,"column":9}},"292":{"start":{"line":293,"column":0},"end":{"line":293,"column":47}},"293":{"start":{"line":294,"column":0},"end":{"line":294,"column":38}},"294":{"start":{"line":295,"column":0},"end":{"line":295,"column":16}},"295":{"start":{"line":296,"column":0},"end":{"line":296,"column":72}},"296":{"start":{"line":297,"column":0},"end":{"line":297,"column":33}},"297":{"start":{"line":298,"column":0},"end":{"line":298,"column":11}},"298":{"start":{"line":299,"column":0},"end":{"line":299,"column":7}},"301":{"start":{"line":302,"column":0},"end":{"line":302,"column":37}},"302":{"start":{"line":303,"column":0},"end":{"line":303,"column":74}},"303":{"start":{"line":304,"column":0},"end":{"line":304,"column":27}},"304":{"start":{"line":305,"column":0},"end":{"line":305,"column":42}},"305":{"start":{"line":306,"column":0},"end":{"line":306,"column":9}},"306":{"start":{"line":307,"column":0},"end":{"line":307,"column":7}},"307":{"start":{"line":308,"column":0},"end":{"line":308,"column":5}},"310":{"start":{"line":311,"column":0},"end":{"line":311,"column":38}},"311":{"start":{"line":312,"column":0},"end":{"line":312,"column":35}},"312":{"start":{"line":313,"column":0},"end":{"line":313,"column":5}},"313":{"start":{"line":314,"column":0},"end":{"line":314,"column":3}},"318":{"start":{"line":319,"column":0},"end":{"line":319,"column":39}},"319":{"start":{"line":320,"column":0},"end":{"line":320,"column":43}},"321":{"start":{"line":322,"column":0},"end":{"line":322,"column":64}},"322":{"start":{"line":323,"column":0},"end":{"line":323,"column":19}},"323":{"start":{"line":324,"column":0},"end":{"line":324,"column":14}},"324":{"start":{"line":325,"column":0},"end":{"line":325,"column":40}},"325":{"start":{"line":326,"column":0},"end":{"line":326,"column":40}},"326":{"start":{"line":327,"column":0},"end":{"line":327,"column":19}},"327":{"start":{"line":328,"column":0},"end":{"line":328,"column":44}},"328":{"start":{"line":329,"column":0},"end":{"line":329,"column":39}},"329":{"start":{"line":330,"column":0},"end":{"line":330,"column":11}},"330":{"start":{"line":331,"column":0},"end":{"line":331,"column":9}},"331":{"start":{"line":332,"column":0},"end":{"line":332,"column":5}},"333":{"start":{"line":334,"column":0},"end":{"line":334,"column":18}},"334":{"start":{"line":335,"column":0},"end":{"line":335,"column":3}},"340":{"start":{"line":341,"column":0},"end":{"line":341,"column":44}},"341":{"start":{"line":342,"column":0},"end":{"line":342,"column":16}},"342":{"start":{"line":343,"column":0},"end":{"line":343,"column":35}},"343":{"start":{"line":344,"column":0},"end":{"line":344,"column":12}},"344":{"start":{"line":345,"column":0},"end":{"line":345,"column":29}},"345":{"start":{"line":346,"column":0},"end":{"line":346,"column":5}},"346":{"start":{"line":347,"column":0},"end":{"line":347,"column":3}},"353":{"start":{"line":354,"column":0},"end":{"line":354,"column":40}},"354":{"start":{"line":355,"column":0},"end":{"line":355,"column":53}},"355":{"start":{"line":356,"column":0},"end":{"line":356,"column":54}},"356":{"start":{"line":357,"column":0},"end":{"line":357,"column":3}},"363":{"start":{"line":364,"column":0},"end":{"line":364,"column":40}},"364":{"start":{"line":365,"column":0},"end":{"line":365,"column":41}},"365":{"start":{"line":366,"column":0},"end":{"line":366,"column":3}},"371":{"start":{"line":372,"column":0},"end":{"line":372,"column":26}},"372":{"start":{"line":373,"column":0},"end":{"line":373,"column":45}},"373":{"start":{"line":374,"column":0},"end":{"line":374,"column":3}},"374":{"start":{"line":375,"column":0},"end":{"line":375,"column":1}},"380":{"start":{"line":381,"column":0},"end":{"line":381,"column":56}},"381":{"start":{"line":382,"column":0},"end":{"line":382,"column":28}},"382":{"start":{"line":383,"column":0},"end":{"line":383,"column":1}},"388":{"start":{"line":389,"column":0},"end":{"line":389,"column":55}}},"s":{"99":1,"101":1,"103":1,"105":1,"107":1,"109":1,"111":1,"113":1,"144":1,"145":28,"146":28,"153":28,"154":28,"155":28,"162":28,"163":25,"164":25,"171":28,"172":6,"173":6,"175":5,"176":6,"177":4,"178":4,"179":2,"180":2,"181":4,"182":6,"190":28,"191":45,"192":30,"193":30,"195":45,"196":45,"197":45,"198":45,"199":45,"200":45,"201":45,"202":45,"203":45,"204":45,"206":45,"209":45,"210":45,"211":43,"212":45,"213":2,"214":2,"216":45,"217":45,"218":45,"219":45,"220":2,"221":2,"222":2,"223":2,"224":2,"225":2,"226":1,"227":1,"228":2,"229":2,"230":2,"231":45,"232":45,"240":28,"241":28,"242":28,"245":22,"246":28,"247":16,"248":16,"249":16,"250":16,"251":16,"252":16,"253":16,"254":28,"255":6,"256":6,"257":6,"258":6,"259":6,"260":6,"261":6,"262":6,"265":22,"267":28,"268":37,"270":37,"272":37,"273":3,"274":3,"277":34,"280":37,"281":3,"282":3,"283":37,"284":2,"287":2,"288":1,"289":1,"292":2,"293":2,"294":2,"295":2,"296":2,"297":2,"298":2,"301":37,"302":4,"303":4,"304":4,"305":4,"306":4,"307":37,"310":28,"311":3,"312":3,"313":28,"318":28,"319":1,"321":1,"322":2,"323":2,"324":2,"325":2,"326":3,"327":3,"328":3,"329":2,"330":2,"331":2,"333":1,"334":1,"340":28,"341":2,"342":1,"343":1,"344":1,"345":1,"346":2,"353":28,"354":12,"355":12,"356":12,"363":28,"364":8,"365":8,"371":28,"372":5,"373":5,"374":28,"380":1,"381":3,"382":3,"388":1},"branchMap":{"0":{"type":"branch","line":100,"loc":{"start":{"line":100,"column":7},"end":{"line":100,"column":26}},"locations":[{"start":{"line":100,"column":7},"end":{"line":100,"column":26}}]},"1":{"type":"branch","line":145,"loc":{"start":{"line":145,"column":54},"end":{"line":375,"column":1}},"locations":[{"start":{"line":145,"column":54},"end":{"line":375,"column":1}}]},"2":{"type":"branch","line":154,"loc":{"start":{"line":154,"column":2},"end":{"line":156,"column":3}},"locations":[{"start":{"line":154,"column":2},"end":{"line":156,"column":3}}]},"3":{"type":"branch","line":163,"loc":{"start":{"line":163,"column":2},"end":{"line":165,"column":3}},"locations":[{"start":{"line":163,"column":2},"end":{"line":165,"column":3}}]},"4":{"type":"branch","line":172,"loc":{"start":{"line":172,"column":2},"end":{"line":183,"column":3}},"locations":[{"start":{"line":172,"column":2},"end":{"line":183,"column":3}}]},"5":{"type":"branch","line":174,"loc":{"start":{"line":174,"column":25},"end":{"line":174,"column":32}},"locations":[{"start":{"line":174,"column":25},"end":{"line":174,"column":32}}]},"6":{"type":"branch","line":174,"loc":{"start":{"line":174,"column":25},"end":{"line":177,"column":22}},"locations":[{"start":{"line":174,"column":25},"end":{"line":177,"column":22}}]},"7":{"type":"branch","line":177,"loc":{"start":{"line":177,"column":22},"end":{"line":182,"column":5}},"locations":[{"start":{"line":177,"column":22},"end":{"line":182,"column":5}}]},"8":{"type":"branch","line":179,"loc":{"start":{"line":179,"column":39},"end":{"line":181,"column":7}},"locations":[{"start":{"line":179,"column":39},"end":{"line":181,"column":7}}]},"9":{"type":"branch","line":176,"loc":{"start":{"line":176,"column":43},"end":{"line":176,"column":83}},"locations":[{"start":{"line":176,"column":43},"end":{"line":176,"column":83}}]},"10":{"type":"branch","line":191,"loc":{"start":{"line":191,"column":2},"end":{"line":233,"column":3}},"locations":[{"start":{"line":191,"column":2},"end":{"line":233,"column":3}}]},"11":{"type":"branch","line":192,"loc":{"start":{"line":192,"column":36},"end":{"line":194,"column":5}},"locations":[{"start":{"line":192,"column":36},"end":{"line":194,"column":5}}]},"12":{"type":"branch","line":211,"loc":{"start":{"line":211,"column":28},"end":{"line":213,"column":11}},"locations":[{"start":{"line":211,"column":28},"end":{"line":213,"column":11}}]},"13":{"type":"branch","line":213,"loc":{"start":{"line":213,"column":4},"end":{"line":215,"column":5}},"locations":[{"start":{"line":213,"column":4},"end":{"line":215,"column":5}}]},"14":{"type":"branch","line":210,"loc":{"start":{"line":210,"column":49},"end":{"line":210,"column":102}},"locations":[{"start":{"line":210,"column":49},"end":{"line":210,"column":102}}]},"15":{"type":"branch","line":220,"loc":{"start":{"line":220,"column":19},"end":{"line":231,"column":7}},"locations":[{"start":{"line":220,"column":19},"end":{"line":231,"column":7}}]},"16":{"type":"branch","line":226,"loc":{"start":{"line":226,"column":40},"end":{"line":228,"column":13}},"locations":[{"start":{"line":226,"column":40},"end":{"line":228,"column":13}}]},"17":{"type":"branch","line":223,"loc":{"start":{"line":223,"column":44},"end":{"line":223,"column":60}},"locations":[{"start":{"line":223,"column":44},"end":{"line":223,"column":60}}]},"18":{"type":"branch","line":241,"loc":{"start":{"line":241,"column":2},"end":{"line":314,"column":3}},"locations":[{"start":{"line":241,"column":2},"end":{"line":314,"column":3}}]},"19":{"type":"branch","line":243,"loc":{"start":{"line":243,"column":9},"end":{"line":243,"column":56}},"locations":[{"start":{"line":243,"column":9},"end":{"line":243,"column":56}}]},"20":{"type":"branch","line":243,"loc":{"start":{"line":243,"column":56},"end":{"line":243,"column":63}},"locations":[{"start":{"line":243,"column":56},"end":{"line":243,"column":63}}]},"21":{"type":"branch","line":243,"loc":{"start":{"line":243,"column":56},"end":{"line":247,"column":16}},"locations":[{"start":{"line":243,"column":56},"end":{"line":247,"column":16}}]},"22":{"type":"branch","line":247,"loc":{"start":{"line":247,"column":8},"end":{"line":247,"column":44}},"locations":[{"start":{"line":247,"column":8},"end":{"line":247,"column":44}}]},"23":{"type":"branch","line":247,"loc":{"start":{"line":247,"column":32},"end":{"line":247,"column":66}},"locations":[{"start":{"line":247,"column":32},"end":{"line":247,"column":66}}]},"24":{"type":"branch","line":247,"loc":{"start":{"line":247,"column":66},"end":{"line":255,"column":11}},"locations":[{"start":{"line":247,"column":66},"end":{"line":255,"column":11}}]},"25":{"type":"branch","line":255,"loc":{"start":{"line":255,"column":4},"end":{"line":263,"column":5}},"locations":[{"start":{"line":255,"column":4},"end":{"line":263,"column":5}}]},"26":{"type":"branch","line":263,"loc":{"start":{"line":263,"column":4},"end":{"line":268,"column":44}},"locations":[{"start":{"line":263,"column":4},"end":{"line":268,"column":44}}]},"27":{"type":"branch","line":268,"loc":{"start":{"line":268,"column":44},"end":{"line":308,"column":5}},"locations":[{"start":{"line":268,"column":44},"end":{"line":308,"column":5}}]},"28":{"type":"branch","line":273,"loc":{"start":{"line":273,"column":29},"end":{"line":273,"column":71}},"locations":[{"start":{"line":273,"column":29},"end":{"line":273,"column":71}}]},"29":{"type":"branch","line":273,"loc":{"start":{"line":273,"column":71},"end":{"line":275,"column":9}},"locations":[{"start":{"line":273,"column":71},"end":{"line":275,"column":9}}]},"30":{"type":"branch","line":275,"loc":{"start":{"line":275,"column":8},"end":{"line":281,"column":35}},"locations":[{"start":{"line":275,"column":8},"end":{"line":281,"column":35}}]},"31":{"type":"branch","line":281,"loc":{"start":{"line":281,"column":35},"end":{"line":283,"column":9}},"locations":[{"start":{"line":281,"column":35},"end":{"line":283,"column":9}}]},"32":{"type":"branch","line":284,"loc":{"start":{"line":284,"column":6},"end":{"line":299,"column":7}},"locations":[{"start":{"line":284,"column":6},"end":{"line":299,"column":7}}]},"33":{"type":"branch","line":288,"loc":{"start":{"line":288,"column":35},"end":{"line":290,"column":9}},"locations":[{"start":{"line":288,"column":35},"end":{"line":290,"column":9}}]},"34":{"type":"branch","line":296,"loc":{"start":{"line":296,"column":48},"end":{"line":296,"column":72}},"locations":[{"start":{"line":296,"column":48},"end":{"line":296,"column":72}}]},"35":{"type":"branch","line":299,"loc":{"start":{"line":299,"column":6},"end":{"line":302,"column":36}},"locations":[{"start":{"line":299,"column":6},"end":{"line":302,"column":36}}]},"36":{"type":"branch","line":302,"loc":{"start":{"line":302,"column":36},"end":{"line":307,"column":7}},"locations":[{"start":{"line":302,"column":36},"end":{"line":307,"column":7}}]},"37":{"type":"branch","line":308,"loc":{"start":{"line":308,"column":4},"end":{"line":311,"column":37}},"locations":[{"start":{"line":308,"column":4},"end":{"line":311,"column":37}}]},"38":{"type":"branch","line":311,"loc":{"start":{"line":311,"column":37},"end":{"line":313,"column":5}},"locations":[{"start":{"line":311,"column":37},"end":{"line":313,"column":5}}]},"39":{"type":"branch","line":303,"loc":{"start":{"line":303,"column":47},"end":{"line":303,"column":72}},"locations":[{"start":{"line":303,"column":47},"end":{"line":303,"column":72}}]},"40":{"type":"branch","line":319,"loc":{"start":{"line":319,"column":2},"end":{"line":335,"column":3}},"locations":[{"start":{"line":319,"column":2},"end":{"line":335,"column":3}}]},"41":{"type":"branch","line":322,"loc":{"start":{"line":322,"column":63},"end":{"line":332,"column":5}},"locations":[{"start":{"line":322,"column":63},"end":{"line":332,"column":5}}]},"42":{"type":"branch","line":326,"loc":{"start":{"line":326,"column":33},"end":{"line":330,"column":10}},"locations":[{"start":{"line":326,"column":33},"end":{"line":330,"column":10}}]},"43":{"type":"branch","line":328,"loc":{"start":{"line":328,"column":30},"end":{"line":328,"column":44}},"locations":[{"start":{"line":328,"column":30},"end":{"line":328,"column":44}}]},"44":{"type":"branch","line":329,"loc":{"start":{"line":329,"column":26},"end":{"line":329,"column":39}},"locations":[{"start":{"line":329,"column":26},"end":{"line":329,"column":39}}]},"45":{"type":"branch","line":341,"loc":{"start":{"line":341,"column":2},"end":{"line":347,"column":3}},"locations":[{"start":{"line":341,"column":2},"end":{"line":347,"column":3}}]},"46":{"type":"branch","line":342,"loc":{"start":{"line":342,"column":15},"end":{"line":346,"column":5}},"locations":[{"start":{"line":342,"column":15},"end":{"line":346,"column":5}}]},"47":{"type":"branch","line":354,"loc":{"start":{"line":354,"column":2},"end":{"line":357,"column":3}},"locations":[{"start":{"line":354,"column":2},"end":{"line":357,"column":3}}]},"48":{"type":"branch","line":356,"loc":{"start":{"line":356,"column":11},"end":{"line":356,"column":52}},"locations":[{"start":{"line":356,"column":11},"end":{"line":356,"column":52}}]},"49":{"type":"branch","line":356,"loc":{"start":{"line":356,"column":43},"end":{"line":356,"column":54}},"locations":[{"start":{"line":356,"column":43},"end":{"line":356,"column":54}}]},"50":{"type":"branch","line":364,"loc":{"start":{"line":364,"column":2},"end":{"line":366,"column":3}},"locations":[{"start":{"line":364,"column":2},"end":{"line":366,"column":3}}]},"51":{"type":"branch","line":372,"loc":{"start":{"line":372,"column":2},"end":{"line":374,"column":3}},"locations":[{"start":{"line":372,"column":2},"end":{"line":374,"column":3}}]},"52":{"type":"branch","line":381,"loc":{"start":{"line":381,"column":7},"end":{"line":383,"column":1}},"locations":[{"start":{"line":381,"column":7},"end":{"line":383,"column":1}}]}},"b":{"0":[1],"1":[28],"2":[28],"3":[25],"4":[6],"5":[1],"6":[5],"7":[4],"8":[2],"9":[5],"10":[45],"11":[30],"12":[43],"13":[2],"14":[23],"15":[2],"16":[1],"17":[3],"18":[28],"19":[22],"20":[6],"21":[22],"22":[16],"23":[16],"24":[16],"25":[6],"26":[22],"27":[37],"28":[5],"29":[3],"30":[34],"31":[3],"32":[2],"33":[1],"34":[0],"35":[34],"36":[4],"37":[22],"38":[3],"39":[6],"40":[1],"41":[2],"42":[3],"43":[1],"44":[2],"45":[2],"46":[1],"47":[12],"48":[6],"49":[6],"50":[8],"51":[5],"52":[3]},"fnMap":{"0":{"name":"<instance_members_initializer>","decl":{"start":{"line":145,"column":54},"end":{"line":375,"column":1}},"loc":{"start":{"line":145,"column":54},"end":{"line":375,"column":1}},"line":145},"1":{"name":"on","decl":{"start":{"line":154,"column":2},"end":{"line":156,"column":3}},"loc":{"start":{"line":154,"column":2},"end":{"line":156,"column":3}},"line":154},"2":{"name":"emit","decl":{"start":{"line":163,"column":2},"end":{"line":165,"column":3}},"loc":{"start":{"line":163,"column":2},"end":{"line":165,"column":3}},"line":163},"3":{"name":"off","decl":{"start":{"line":172,"column":2},"end":{"line":183,"column":3}},"loc":{"start":{"line":172,"column":2},"end":{"line":183,"column":3}},"line":172},"4":{"name":"subscribe","decl":{"start":{"line":191,"column":2},"end":{"line":233,"column":3}},"loc":{"start":{"line":191,"column":2},"end":{"line":233,"column":3}},"line":191},"5":{"name":"unsubscribe","decl":{"start":{"line":220,"column":19},"end":{"line":231,"column":7}},"loc":{"start":{"line":220,"column":19},"end":{"line":231,"column":7}},"line":220},"6":{"name":"emitWithMetadata","decl":{"start":{"line":241,"column":2},"end":{"line":314,"column":3}},"loc":{"start":{"line":241,"column":2},"end":{"line":314,"column":3}},"line":241},"7":{"name":"getListeners","decl":{"start":{"line":319,"column":2},"end":{"line":335,"column":3}},"loc":{"start":{"line":319,"column":2},"end":{"line":335,"column":3}},"line":319},"8":{"name":"removeAllListeners","decl":{"start":{"line":341,"column":2},"end":{"line":347,"column":3}},"loc":{"start":{"line":341,"column":2},"end":{"line":347,"column":3}},"line":341},"9":{"name":"listenerCount","decl":{"start":{"line":354,"column":2},"end":{"line":357,"column":3}},"loc":{"start":{"line":354,"column":2},"end":{"line":357,"column":3}},"line":354},"10":{"name":"hasListeners","decl":{"start":{"line":364,"column":2},"end":{"line":366,"column":3}},"loc":{"start":{"line":364,"column":2},"end":{"line":366,"column":3}},"line":364},"11":{"name":"eventNames","decl":{"start":{"line":372,"column":2},"end":{"line":374,"column":3}},"loc":{"start":{"line":372,"column":2},"end":{"line":374,"column":3}},"line":372},"12":{"name":"createEventEmitter","decl":{"start":{"line":381,"column":7},"end":{"line":383,"column":1}},"loc":{"start":{"line":381,"column":7},"end":{"line":383,"column":1}},"line":381}},"f":{"0":28,"1":28,"2":25,"3":6,"4":45,"5":2,"6":28,"7":1,"8":2,"9":12,"10":8,"11":5,"12":3}}
,"D:\\byp\\tauri\\baize\\packages\\plugin-sdk\\src\\index.ts": {"path":"D:\\byp\\tauri\\baize\\packages\\plugin-sdk\\src\\index.ts","all":true,"statementMap":{"0":{"start":{"line":1,"column":0},"end":{"line":1,"column":3}},"19":{"start":{"line":20,"column":0},"end":{"line":20,"column":35}},"20":{"start":{"line":21,"column":0},"end":{"line":21,"column":44}},"25":{"start":{"line":26,"column":0},"end":{"line":26,"column":25}},"26":{"start":{"line":27,"column":0},"end":{"line":27,"column":17}},"27":{"start":{"line":28,"column":0},"end":{"line":28,"column":23}},"28":{"start":{"line":29,"column":0},"end":{"line":29,"column":50}},"29":{"start":{"line":30,"column":0},"end":{"line":30,"column":22}},"30":{"start":{"line":31,"column":0},"end":{"line":31,"column":11}},"37":{"start":{"line":38,"column":0},"end":{"line":38,"column":83}},"38":{"start":{"line":39,"column":0},"end":{"line":39,"column":50}},"39":{"start":{"line":40,"column":0},"end":{"line":40,"column":17}},"40":{"start":{"line":41,"column":0},"end":{"line":41,"column":3}},"42":{"start":{"line":43,"column":0},"end":{"line":43,"column":98}},"44":{"start":{"line":45,"column":0},"end":{"line":45,"column":33}},"45":{"start":{"line":46,"column":0},"end":{"line":46,"column":31}},"46":{"start":{"line":47,"column":0},"end":{"line":47,"column":19}},"47":{"start":{"line":48,"column":0},"end":{"line":48,"column":5}},"48":{"start":{"line":49,"column":0},"end":{"line":49,"column":3}},"51":{"start":{"line":52,"column":0},"end":{"line":52,"column":67}},"52":{"start":{"line":53,"column":0},"end":{"line":53,"column":17}},"53":{"start":{"line":54,"column":0},"end":{"line":54,"column":3}},"55":{"start":{"line":56,"column":0},"end":{"line":56,"column":73}},"56":{"start":{"line":57,"column":0},"end":{"line":57,"column":17}},"57":{"start":{"line":58,"column":0},"end":{"line":58,"column":3}},"59":{"start":{"line":60,"column":0},"end":{"line":60,"column":49}},"60":{"start":{"line":61,"column":0},"end":{"line":61,"column":17}},"61":{"start":{"line":62,"column":0},"end":{"line":62,"column":3}},"63":{"start":{"line":64,"column":0},"end":{"line":64,"column":44}},"64":{"start":{"line":65,"column":0},"end":{"line":65,"column":17}},"65":{"start":{"line":66,"column":0},"end":{"line":66,"column":3}},"67":{"start":{"line":68,"column":0},"end":{"line":68,"column":67}},"68":{"start":{"line":69,"column":0},"end":{"line":69,"column":17}},"69":{"start":{"line":70,"column":0},"end":{"line":70,"column":3}},"71":{"start":{"line":72,"column":0},"end":{"line":72,"column":45}},"72":{"start":{"line":73,"column":0},"end":{"line":73,"column":17}},"73":{"start":{"line":74,"column":0},"end":{"line":74,"column":3}},"75":{"start":{"line":76,"column":0},"end":{"line":76,"column":66}},"76":{"start":{"line":77,"column":0},"end":{"line":77,"column":17}},"77":{"start":{"line":78,"column":0},"end":{"line":78,"column":3}},"79":{"start":{"line":80,"column":0},"end":{"line":80,"column":51}},"80":{"start":{"line":81,"column":0},"end":{"line":81,"column":17}},"81":{"start":{"line":82,"column":0},"end":{"line":82,"column":3}},"83":{"start":{"line":84,"column":0},"end":{"line":84,"column":14}},"84":{"start":{"line":85,"column":0},"end":{"line":85,"column":1}},"93":{"start":{"line":94,"column":0},"end":{"line":94,"column":34}},"94":{"start":{"line":95,"column":0},"end":{"line":95,"column":19}},"95":{"start":{"line":96,"column":0},"end":{"line":96,"column":25}},"96":{"start":{"line":97,"column":0},"end":{"line":97,"column":21}},"97":{"start":{"line":98,"column":0},"end":{"line":98,"column":16}},"98":{"start":{"line":99,"column":0},"end":{"line":99,"column":52}},"99":{"start":{"line":100,"column":0},"end":{"line":100,"column":1}}},"s":{"0":0,"19":0,"20":0,"25":0,"26":0,"27":0,"28":0,"29":0,"30":0,"37":0,"38":0,"39":0,"40":0,"42":0,"44":0,"45":0,"46":0,"47":0,"48":0,"51":0,"52":0,"53":0,"55":0,"56":0,"57":0,"59":0,"60":0,"61":0,"63":0,"64":0,"65":0,"67":0,"68":0,"69":0,"71":0,"72":0,"73":0,"75":0,"76":0,"77":0,"79":0,"80":0,"81":0,"83":0,"84":0,"93":0,"94":0,"95":0,"96":0,"97":0,"98":0,"99":0},"branchMap":{"0":{"type":"branch","line":1,"loc":{"start":{"line":1,"column":2452},"end":{"line":100,"column":1}},"locations":[{"start":{"line":1,"column":2452},"end":{"line":100,"column":1}}]}},"b":{"0":[0]},"fnMap":{"0":{"name":"(empty-report)","decl":{"start":{"line":1,"column":2452},"end":{"line":100,"column":1}},"loc":{"start":{"line":1,"column":2452},"end":{"line":100,"column":1}},"line":1}},"f":{"0":0}}
,"D:\\byp\\tauri\\baize\\packages\\plugin-sdk\\src\\types.ts": {"path":"D:\\byp\\tauri\\baize\\packages\\plugin-sdk\\src\\types.ts","all":true,"statementMap":{"170":{"start":{"line":171,"column":0},"end":{"line":171,"column":26}},"172":{"start":{"line":173,"column":0},"end":{"line":173,"column":24}},"174":{"start":{"line":175,"column":0},"end":{"line":175,"column":20}},"176":{"start":{"line":177,"column":0},"end":{"line":177,"column":18}},"178":{"start":{"line":179,"column":0},"end":{"line":179,"column":21}},"200":{"start":{"line":201,"column":0},"end":{"line":201,"column":40}},"201":{"start":{"line":202,"column":0},"end":{"line":202,"column":14}},"202":{"start":{"line":203,"column":0},"end":{"line":203,"column":20}},"203":{"start":{"line":204,"column":0},"end":{"line":204,"column":33}},"204":{"start":{"line":205,"column":0},"end":{"line":205,"column":30}},"205":{"start":{"line":206,"column":0},"end":{"line":206,"column":5}},"206":{"start":{"line":207,"column":0},"end":{"line":207,"column":19}},"207":{"start":{"line":208,"column":0},"end":{"line":208,"column":30}},"208":{"start":{"line":209,"column":0},"end":{"line":209,"column":3}},"209":{"start":{"line":210,"column":0},"end":{"line":210,"column":1}},"214":{"start":{"line":215,"column":0},"end":{"line":215,"column":29}},"216":{"start":{"line":217,"column":0},"end":{"line":217,"column":26}},"218":{"start":{"line":219,"column":0},"end":{"line":219,"column":40}},"220":{"start":{"line":221,"column":0},"end":{"line":221,"column":30}},"222":{"start":{"line":223,"column":0},"end":{"line":223,"column":42}},"224":{"start":{"line":225,"column":0},"end":{"line":225,"column":48}},"226":{"start":{"line":227,"column":0},"end":{"line":227,"column":38}},"228":{"start":{"line":229,"column":0},"end":{"line":229,"column":41}}},"s":{"170":0,"172":0,"174":0,"176":0,"178":0,"200":0,"201":0,"202":0,"203":0,"204":0,"205":0,"206":0,"207":0,"208":0,"209":0,"214":0,"216":0,"218":0,"220":0,"222":0,"224":0,"226":0,"228":0},"branchMap":{"0":{"type":"branch","line":1,"loc":{"start":{"line":1,"column":5638},"end":{"line":230,"column":1}},"locations":[{"start":{"line":1,"column":5638},"end":{"line":230,"column":1}}]}},"b":{"0":[1]},"fnMap":{"0":{"name":"(empty-report)","decl":{"start":{"line":1,"column":5638},"end":{"line":230,"column":1}},"loc":{"start":{"line":1,"column":5638},"end":{"line":230,"column":1}},"line":1}},"f":{"0":1}}
}
